<?xml version="1.0" encoding="UTF-8"?>
<!-- Generated by org.testng.reporters.JUnitReportReporter -->
<testsuite hostname="DESKTOP-9NEKJS7" failures="0" tests="1" name="TestCases.LoginTestCase" time="114.093" errors="0" timestamp="2023-09-11T22:20:51 PDT" skipped="0">
  <testcase classname="TestCases.LoginTestCase" name="verifyinvalidlogin" time="114.093"/>
</testsuite> <!-- TestCases.LoginTestCase -->
