<?xml version="1.0" encoding="UTF-8"?>
<!-- Generated by org.testng.reporters.JUnitReportReporter -->
<testsuite hostname="DESKTOP-9NEKJS7" failures="0" tests="2" name="TestCases.LoginTestCase" time="51.121" errors="0" timestamp="2023-09-17T14:53:45 PDT" skipped="0">
  <testcase classname="TestCases.LoginTestCase" name="verifyingValidLogin" time="27.721"/>
  <testcase classname="TestCases.LoginTestCase" name="verifyinvalidlogin" time="23.400"/>
</testsuite> <!-- TestCases.LoginTestCase -->
